<?xml version="1.0" encoding="UTF-8"?>
<!-- Generated by org.testng.reporters.JUnitReportReporter -->
<testsuite hostname="DESKTOP-4JRJ41E" failures="0" tests="2" name="TestNG_Study.Annotations_Method" time="11.158" errors="0" timestamp="2022-06-21T21:01:38 IST" skipped="0">
  <testcase classname="TestNG_Study.Annotations_Method" name="ValidateUserId" time="0.029"/>
  <system-out>
    <![CDATA[UserId Validation done--> @Test used]]>
  </system-out>
  <testcase classname="TestNG_Study.Annotations_Method" name="ValidatePin" time="11.129"/>
  <system-out/>
</testsuite> <!-- TestNG_Study.Annotations_Method -->
