<?xml version="1.0" encoding="UTF-8"?>
<!-- Generated by org.testng.reporters.JUnitReportReporter -->
<testsuite hostname="DESKTOP-4JRJ41E" failures="0" tests="3" name="TestNGKeyWords.EnableUse" time="0.018" errors="0" timestamp="2022-06-28T15:47:54 IST" skipped="1">
  <testcase classname="TestNGKeyWords.EnableUse" name="f" time="0.004"/>
  <system-out>
    <![CDATA[f]]>
  </system-out>
  <testcase classname="TestNGKeyWords.EnableUse" name="a" time="0.014"/>
  <system-out>
    <![CDATA[a]]>
  </system-out>
  <testcase classname="TestNGKeyWords.EnableUse" name="b">
    <skipped/>
  </testcase> <!-- b -->
  <system-out/>
</testsuite> <!-- TestNGKeyWords.EnableUse -->
