<?xml version="1.0" encoding="UTF-8"?>
<!-- Generated by org.testng.reporters.JUnitReportReporter -->
<testsuite hostname="DESKTOP-4JRJ41E" failures="0" tests="1" name="verificationUsingTestNG.VerifyRadioButton" time="15.471" errors="0" timestamp="2022-06-28T14:26:30 IST" skipped="0">
  <testcase classname="verificationUsingTestNG.VerifyRadioButton" name="Method" time="15.471"/>
  <system-out/>
</testsuite> <!-- verificationUsingTestNG.VerifyRadioButton -->
