<?xml version="1.0" encoding="UTF-8"?>
<!-- Generated by org.testng.reporters.JUnitReportReporter -->
<testsuite hostname="DESKTOP-4JRJ41E" failures="0" tests="1" name="TestNG_Study.VerifyRadioButton" time="15.610" errors="0" timestamp="2022-06-28T14:21:34 IST" skipped="0">
  <testcase classname="TestNG_Study.VerifyRadioButton" name="Method" time="15.610"/>
  <system-out/>
</testsuite> <!-- TestNG_Study.VerifyRadioButton -->
