<?xml version="1.0" encoding="UTF-8"?>
<!-- Generated by org.testng.reporters.JUnitReportReporter -->
<testsuite hostname="DESKTOP-4JRJ41E" failures="0" tests="2" name="crossBrowsertest.CrossBrowserTesting1" time="35.785" errors="0" timestamp="2022-07-05T14:10:51 IST" skipped="0">
  <testcase classname="crossBrowsertest.CrossBrowserTesting1" name="myMethod" time="19.252"/>
  <system-out/>
  <testcase classname="crossBrowsertest.CrossBrowserTesting1" name="myMethod" time="16.533"/>
  <system-out/>
</testsuite> <!-- crossBrowsertest.CrossBrowserTesting1 -->
