<?xml version="1.0" encoding="UTF-8"?>
<!-- Generated by org.testng.reporters.JUnitReportReporter -->
<testsuite hostname="DESKTOP-4JRJ41E" failures="0" tests="1" name="TestNG_Study.AnnoTationStudyTest1" time="0.012" errors="0" timestamp="2022-06-22T15:02:05 IST" skipped="0">
  <testcase classname="TestNG_Study.AnnoTationStudyTest1" name="rechargePhone" time="0.012"/>
  <system-out>
    <![CDATA[Recharge done]]>
  </system-out>
</testsuite> <!-- TestNG_Study.AnnoTationStudyTest1 -->
