<?xml version="1.0" encoding="UTF-8"?>
<!-- Generated by org.testng.reporters.JUnitReportReporter -->
<testsuite hostname="DESKTOP-4JRJ41E" failures="0" tests="3" name="TestNG_Study.InvocationCountUse" time="0.027" errors="0" timestamp="2022-06-24T12:29:01 IST" skipped="0">
  <testcase classname="TestNG_Study.InvocationCountUse" name="myTest" time="0.007"/>
  <system-out>
    <![CDATA[Hello]]>
  </system-out>
  <testcase classname="TestNG_Study.InvocationCountUse" name="myTest" time="0.010"/>
  <system-out>
    <![CDATA[Hello]]>
  </system-out>
  <testcase classname="TestNG_Study.InvocationCountUse" name="myTest" time="0.010"/>
  <system-out>
    <![CDATA[Hello]]>
  </system-out>
</testsuite> <!-- TestNG_Study.InvocationCountUse -->
