<?xml version="1.0" encoding="UTF-8"?>
<!-- Generated by org.testng.reporters.JUnitReportReporter -->
<testsuite hostname="DESKTOP-4JRJ41E" failures="0" tests="3" name="verificationUsingTestNG.SoftAssertUse" time="0.035" errors="0" timestamp="2022-06-29T15:06:53 IST" skipped="0">
  <testcase classname="verificationUsingTestNG.SoftAssertUse" name="myMethod" time="0.026"/>
  <system-out/>
  <testcase classname="verificationUsingTestNG.SoftAssertUse" name="testing" time="0.005"/>
  <system-out/>
  <testcase classname="verificationUsingTestNG.SoftAssertUse" name="mytest" time="0.004"/>
  <system-out/>
</testsuite> <!-- verificationUsingTestNG.SoftAssertUse -->
