<?xml version="1.0" encoding="UTF-8"?>
<!-- Generated by org.testng.reporters.JUnitReportReporter -->
<testsuite hostname="DESKTOP-4JRJ41E" failures="0" tests="1" name="Serial_Parallel_Execution.MytestClass" time="12.026" errors="0" timestamp="2022-06-28T18:54:48 IST" skipped="0">
  <testcase classname="Serial_Parallel_Execution.MytestClass" name="myMethod" time="12.026"/>
  <system-out/>
</testsuite> <!-- Serial_Parallel_Execution.MytestClass -->
