<?xml version="1.0" encoding="UTF-8"?>
<!-- Generated by org.testng.reporters.JUnitReportReporter -->
<testsuite hostname="DESKTOP-4JRJ41E" failures="0" tests="1" name="TestNGKeyWords.InvocationCountUse" time="0.021" errors="0" timestamp="2022-06-28T15:25:41 IST" skipped="0">
  <testcase classname="TestNGKeyWords.InvocationCountUse" name="method" time="0.021"/>
  <system-out>
    <![CDATA[Hello
Hello]]>
  </system-out>
</testsuite> <!-- TestNGKeyWords.InvocationCountUse -->
