<?xml version="1.0" encoding="UTF-8"?>
<!-- Generated by org.testng.reporters.JUnitReportReporter -->
<testsuite hostname="DESKTOP-4JRJ41E" failures="0" tests="2" name="IncludeExclude.MyTest" time="0.023" errors="0" timestamp="2022-06-28T18:27:05 IST" skipped="0">
  <testcase classname="IncludeExclude.MyTest" name="v" time="0.004"/>
  <system-out>
    <![CDATA[v is running]]>
  </system-out>
  <testcase classname="IncludeExclude.MyTest" name="e" time="0.019"/>
  <system-out>
    <![CDATA[e is running]]>
  </system-out>
</testsuite> <!-- IncludeExclude.MyTest -->
