<?xml version="1.0" encoding="UTF-8"?>
<!-- Generated by org.testng.reporters.JUnitReportReporter -->
<testsuite hostname="DESKTOP-4JRJ41E" failures="0" tests="5" name="TestNGKeyWords.PriorityUse" time="0.023" errors="0" timestamp="2022-06-28T15:38:02 IST" skipped="0">
  <testcase classname="TestNGKeyWords.PriorityUse" name="E" time="0.014"/>
  <system-out>
    <![CDATA[E]]>
  </system-out>
  <testcase classname="TestNGKeyWords.PriorityUse" name="D" time="0.003"/>
  <system-out>
    <![CDATA[D]]>
  </system-out>
  <testcase classname="TestNGKeyWords.PriorityUse" name="A" time="0.002"/>
  <system-out>
    <![CDATA[a]]>
  </system-out>
  <testcase classname="TestNGKeyWords.PriorityUse" name="B" time="0.002"/>
  <system-out>
    <![CDATA[B]]>
  </system-out>
  <testcase classname="TestNGKeyWords.PriorityUse" name="C" time="0.002"/>
  <system-out>
    <![CDATA[C]]>
  </system-out>
</testsuite> <!-- TestNGKeyWords.PriorityUse -->
