<?xml version="1.0" encoding="UTF-8"?>
<!-- Generated by org.testng.reporters.JUnitReportReporter -->
<testsuite hostname="DESKTOP-4JRJ41E" failures="0" tests="3" name="TestNG_Study.NewTest" time="0.021" errors="0" timestamp="2022-06-24T21:04:35 IST" skipped="0">
  <testcase classname="TestNG_Study.NewTest" name="A" time="0.015"/>
  <system-out>
    <![CDATA[login success]]>
  </system-out>
  <testcase classname="TestNG_Study.NewTest" name="B" time="0.003"/>
  <system-out>
    <![CDATA[login success]]>
  </system-out>
  <testcase classname="TestNG_Study.NewTest" name="C" time="0.003"/>
  <system-out>
    <![CDATA[login success]]>
  </system-out>
</testsuite> <!-- TestNG_Study.NewTest -->
